1694907941423	geckodriver	INFO	Listening on 127.0.0.1:52027
1694907941956	mozrunner::runner	INFO	Running command: MOZ_CRASHREPORTER="1" MOZ_CRASHREPORTER_NO_REPORT="1" MOZ_CRASHREPORTER_SHUTDOWN="1" MOZ_NO_REMOTE="1" "/App ... s" "localhost" "-foreground" "-no-remote" "-profile" "/var/folders/91/7lxj2xq13852sql471wdl0pw0000gn/T/rust_mozprofileVcVkje"
1694907942570	Marionette	INFO	Marionette enabled
2023-09-16 18:45:43.651 firefox[15151:3680747] Warning: Expected min height of view: (<NSButton: 0x110336000>) to be less than or equal to 30 but got a height of 32.000000. This error will be logged once per view in violation.
2023-09-16 18:45:43.651 firefox[15151:3680747] Warning: Expected min height of view: (<NSButton: 0x101999c00>) to be less than or equal to 30 but got a height of 32.000000. This error will be logged once per view in violation.
2023-09-16 18:45:43.652 firefox[15151:3680747] Warning: Expected min height of view: (<NSButton: 0x122a71000>) to be less than or equal to 30 but got a height of 32.000000. This error will be logged once per view in violation.
2023-09-16 18:45:43.652 firefox[15151:3680747] Warning: Expected min height of view: (<NSButton: 0x122a71400>) to be less than or equal to 30 but got a height of 32.000000. This error will be logged once per view in violation.
2023-09-16 18:45:43.653 firefox[15151:3680747] Warning: Expected min height of view: (<NSButton: 0x122a75400>) to be less than or equal to 30 but got a height of 32.000000. This error will be logged once per view in violation.
2023-09-16 18:45:43.653 firefox[15151:3680747] Warning: Expected min height of view: (<NSPopoverTouchBarItemButton: 0x122a73400>) to be less than or equal to 30 but got a height of 32.000000. This error will be logged once per view in violation.
2023-09-16 18:45:43.653 firefox[15151:3680747] Warning: Expected min height of view: (<NSPopoverTouchBarItemButton: 0x111d92400>) to be less than or equal to 30 but got a height of 32.000000. This error will be logged once per view in violation.
console.warn: SearchSettings: "get: No settings file exists, new profile?" (new NotFoundError("Could not open the file at /var/folders/91/7lxj2xq13852sql471wdl0pw0000gn/T/rust_mozprofileVcVkje/search.json.mozlz4", (void 0)))
console.warn: TopSitesFeed: Contile provided more links than permitted. (3 received, limit is 2)
console.error: BackgroundUpdate: 
  _reasonsToNotScheduleUpdates: Failed to check for Maintenance Service Registry Key: [Exception... "Component returned failure code: 0x80004001 (NS_ERROR_NOT_IMPLEMENTED) [nsIUpdateProcessor.getServiceRegKeyExists]"  nsresult: "0x80004001 (NS_ERROR_NOT_IMPLEMENTED)"  location: "JS frame :: resource://gre/modules/BackgroundUpdate.jsm :: _reasonsToNotScheduleUpdates :: line 241"  data: no]
DevTools listening on ws://localhost:52028/devtools/browser/c74f7733-9536-471c-b7eb-4c05c1bdd223
1694907945131	Marionette	INFO	Listening on port 52050
Read port: 52050
1694907945179	RemoteAgent	WARN	TLS certificate errors will be ignored for this session
JavaScript warning: https://www.basketball-reference.com/wnba/teams/ATL/2023/gamelog/, line 203: unreachable code after return statement
JavaScript warning: https://www.basketball-reference.com/wnba/teams/ATL/2023/gamelog/, line 203: unreachable code after return statement
1694907948506	Marionette	WARN	Ignoring event 'pageshow' because document has an invalid readyState of 'interactive'.
JavaScript warning: https://pagead2.googlesyndication.com/bg/D38i8ocviMyns63bFlxz04547CGgVcdJsS8VZS_5djY.js line 2 > eval line 3797 > eval line 1 > eval line 1 > eval, line 1: WEBGL_debug_renderer_info is deprecated in Firefox and will be removed. Please use RENDERER.
JavaScript error: , line 0: uncaught exception: Object
JavaScript error: resource://devtools/client/jsonview/Sniffer.jsm, line 56: NS_ERROR_NOT_AVAILABLE: Component returned failure code: 0x80040111 (NS_ERROR_NOT_AVAILABLE) [nsIChannel.contentType]
1694907955647	Marionette	WARN	Ignoring event 'pageshow' because document has an invalid readyState of 'uninitialized'.
1694907955746	Marionette	WARN	Ignoring event 'pageshow' because document has an invalid readyState of 'uninitialized'.
1694907955844	Marionette	WARN	Ignoring event 'pageshow' because document has an invalid readyState of 'uninitialized'.
JavaScript warning: https://www.basketball-reference.com/wnba/teams/CHI/2023/gamelog/, line 201: unreachable code after return statement
JavaScript warning: https://www.basketball-reference.com/wnba/teams/CHI/2023/gamelog/, line 201: unreachable code after return statement
JavaScript error: resource://devtools/client/jsonview/Sniffer.jsm, line 56: NS_ERROR_NOT_AVAILABLE: Component returned failure code: 0x80040111 (NS_ERROR_NOT_AVAILABLE) [nsIChannel.contentType]
JavaScript error: resource://devtools/client/jsonview/Sniffer.jsm, line 56: NS_ERROR_NOT_AVAILABLE: Component returned failure code: 0x80040111 (NS_ERROR_NOT_AVAILABLE) [nsIChannel.contentType]

###!!! [Child][PContentChild] Error: RunMessage(msgname=PHttpChannel::Msg_DeleteSelf) Channel closing: too late to send/recv, messages will be lost


###!!! [Child][PContentChild] Error: RunMessage(msgname=PHttpChannel::Msg_DeleteSelf) Channel closing: too late to send/recv, messages will be lost


###!!! [Child][PContentChild] Error: Send(msgname=PCookieService::Msg_SetCookies) Channel closing: too late to send/recv, messages will be lost


###!!! [Child][PContentChild] Error: Send(msgname=PHttpChannel::Msg_DeletingChannel) Channel closing: too late to send/recv, messages will be lost


###!!! [Child][PContentChild] Error: RunMessage(msgname=PHttpChannel::Msg_DeleteSelf) Channel closing: too late to send/recv, messages will be lost


###!!! [Child][PContentChild] Error: Send(msgname=PContent::Msg_ScriptError) Channel closing: too late to send/recv, messages will be lost


###!!! [Child][PContentChild] Error: RunMessage(msgname=PHttpChannel::Msg_DeleteSelf) Channel closing: too late to send/recv, messages will be lost


###!!! [Child][PContentChild] Error: RunMessage(msgname=PHttpChannel::Msg_DeleteSelf) Channel closing: too late to send/recv, messages will be lost


###!!! [Child][PContentChild] Error: RunMessage(msgname=PHttpChannel::Msg_DeleteSelf) Channel closing: too late to send/recv, messages will be lost


###!!! [Child][PContentChild] Error: RunMessage(msgname=PHttpChannel::Msg_DeleteSelf) Channel closing: too late to send/recv, messages will be lost

1694907957235	Marionette	WARN	Ignoring event 'pageshow' because document has an invalid readyState of 'interactive'.
JavaScript warning: https://pagead2.googlesyndication.com/bg/D38i8ocviMyns63bFlxz04547CGgVcdJsS8VZS_5djY.js line 2 > eval line 7217 > eval line 1 > eval line 1 > eval, line 1: WEBGL_debug_renderer_info is deprecated in Firefox and will be removed. Please use RENDERER.
JavaScript error: , line 0: uncaught exception: Object
JavaScript warning: https://www.basketball-reference.com/wnba/teams/CON/2023/gamelog/, line 201: unreachable code after return statement
JavaScript warning: https://www.basketball-reference.com/wnba/teams/CON/2023/gamelog/, line 201: unreachable code after return statement

###!!! [Child][PContentChild] Error: RunMessage(msgname=PContent::Msg_DiscardWindowContext) Channel closing: too late to send/recv, messages will be lost


###!!! [Child][PContentChild] Error: RunMessage(msgname=PContent::Msg_DiscardWindowContext) Channel closing: too late to send/recv, messages will be lost


###!!! [Child][PContentChild] Error: RunMessage(msgname=PContent::Msg_DiscardWindowContext) Channel closing: too late to send/recv, messages will be lost


###!!! [Child][PContentChild] Error: RunMessage(msgname=PContent::Reply_DiscardBrowsingContext) Channel closing: too late to send/recv, messages will be lost


###!!! [Child][PContentChild] Error: RunMessage(msgname=PContent::Reply_DiscardBrowsingContext) Channel closing: too late to send/recv, messages will be lost


###!!! [Child][PContentChild] Error: RunMessage(msgname=PContent::Reply_DiscardBrowsingContext) Channel closing: too late to send/recv, messages will be lost


###!!! [Child][PContentChild] Error: RunMessage(msgname=PContent::Reply_DiscardBrowsingContext) Channel closing: too late to send/recv, messages will be lost


###!!! [Child][PContentChild] Error: RunMessage(msgname=PContent::Reply_DiscardBrowsingContext) Channel closing: too late to send/recv, messages will be lost


###!!! [Child][PContentChild] Error: RunMessage(msgname=PContent::Reply_DiscardBrowsingContext) Channel closing: too late to send/recv, messages will be lost


###!!! [Child][PContentChild] Error: RunMessage(msgname=PContent::Reply_DiscardBrowsingContext) Channel closing: too late to send/recv, messages will be lost


###!!! [Child][PContentChild] Error: RunMessage(msgname=PContent::Reply_DiscardBrowsingContext) Channel closing: too late to send/recv, messages will be lost


###!!! [Child][PContentChild] Error: RunMessage(msgname=PContent::Reply_DiscardBrowsingContext) Channel closing: too late to send/recv, messages will be lost


###!!! [Child][PContentChild] Error: RunMessage(msgname=PContent::Reply_DiscardBrowsingContext) Channel closing: too late to send/recv, messages will be lost


###!!! [Child][PContentChild] Error: RunMessage(msgname=PContent::Reply_DiscardBrowsingContext) Channel closing: too late to send/recv, messages will be lost


###!!! [Child][PContentChild] Error: RunMessage(msgname=PContent::Reply_DiscardBrowsingContext) Channel closing: too late to send/recv, messages will be lost


###!!! [Child][PContentChild] Error: RunMessage(msgname=PContent::Reply_DiscardBrowsingContext) Channel closing: too late to send/recv, messages will be lost


###!!! [Child][PContentChild] Error: RunMessage(msgname=PContent::Reply_DiscardBrowsingContext) Channel closing: too late to send/recv, messages will be lost


###!!! [Child][PContentChild] Error: RunMessage(msgname=PContent::Reply_DiscardBrowsingContext) Channel closing: too late to send/recv, messages will be lost


###!!! [Child][PContentChild] Error: RunMessage(msgname=PContent::Reply_DiscardBrowsingContext) Channel closing: too late to send/recv, messages will be lost


###!!! [Child][PContentChild] Error: RunMessage(msgname=PContent::Reply_DiscardBrowsingContext) Channel closing: too late to send/recv, messages will be lost


###!!! [Child][PContentChild] Error: RunMessage(msgname=PContent::Reply_DiscardBrowsingContext) Channel closing: too late to send/recv, messages will be lost


###!!! [Child][PContentChild] Error: RunMessage(msgname=PContent::Reply_DiscardBrowsingContext) Channel closing: too late to send/recv, messages will be lost


###!!! [Child][PContentChild] Error: RunMessage(msgname=PContent::Reply_DiscardBrowsingContext) Channel closing: too late to send/recv, messages will be lost


###!!! [Child][PContentChild] Error: RunMessage(msgname=PContent::Reply_DiscardBrowsingContext) Channel closing: too late to send/recv, messages will be lost


###!!! [Child][PContentChild] Error: RunMessage(msgname=PContent::Reply_DiscardBrowsingContext) Channel closing: too late to send/recv, messages will be lost


###!!! [Child][PContentChild] Error: RunMessage(msgname=PContent::Reply_DiscardBrowsingContext) Channel closing: too late to send/recv, messages will be lost


###!!! [Child][PContentChild] Error: RunMessage(msgname=PContent::Reply_DiscardBrowsingContext) Channel closing: too late to send/recv, messages will be lost


###!!! [Child][PContentChild] Error: RunMessage(msgname=PContent::Reply_DiscardBrowsingContext) Channel closing: too late to send/recv, messages will be lost


###!!! [Child][PContentChild] Error: RunMessage(msgname=PContent::Reply_DiscardBrowsingContext) Channel closing: too late to send/recv, messages will be lost


###!!! [Child][PContentChild] Error: RunMessage(msgname=PContent::Reply_DiscardBrowsingContext) Channel closing: too late to send/recv, messages will be lost

1694907961134	Marionette	WARN	Ignoring event 'pageshow' because document has an invalid readyState of 'interactive'.
1694907962143	Marionette	WARN	Ignoring event 'DOMContentLoaded' because document has an invalid readyState of 'complete'.
1694907962164	Marionette	WARN	Ignoring event 'DOMContentLoaded' because document has an invalid readyState of 'complete'.
JavaScript error: https://cdn-ima.33across.com/ima.js, line 2: Error: _33AcrossIdMappingsProvider: Ajax: Status code 0
JavaScript warning: https://pagead2.googlesyndication.com/bg/D38i8ocviMyns63bFlxz04547CGgVcdJsS8VZS_5djY.js line 2 > eval line 7305 > eval line 1 > eval line 1 > eval, line 1: WEBGL_debug_renderer_info is deprecated in Firefox and will be removed. Please use RENDERER.
JavaScript warning: https://www.basketball-reference.com/wnba/teams/DAL/2023/gamelog/, line 201: unreachable code after return statement
JavaScript warning: https://www.basketball-reference.com/wnba/teams/DAL/2023/gamelog/, line 201: unreachable code after return statement
1694907964194	Marionette	WARN	Ignoring event 'pageshow' because document has an invalid readyState of 'interactive'.
JavaScript warning: https://pagead2.googlesyndication.com/bg/D38i8ocviMyns63bFlxz04547CGgVcdJsS8VZS_5djY.js line 2 > eval line 274 > eval line 1 > eval line 1 > eval, line 1: WEBGL_debug_renderer_info is deprecated in Firefox and will be removed. Please use RENDERER.
JavaScript warning: https://www.basketball-reference.com/wnba/teams/MIN/2023/gamelog/, line 201: unreachable code after return statement
JavaScript warning: https://www.basketball-reference.com/wnba/teams/MIN/2023/gamelog/, line 201: unreachable code after return statement
1694907966486	Marionette	WARN	Ignoring event 'pageshow' because document has an invalid readyState of 'interactive'.
JavaScript warning: https://pagead2.googlesyndication.com/bg/D38i8ocviMyns63bFlxz04547CGgVcdJsS8VZS_5djY.js line 2 > eval line 6354 > eval line 1 > eval line 1 > eval, line 1: WEBGL_debug_renderer_info is deprecated in Firefox and will be removed. Please use RENDERER.
JavaScript warning: https://www.basketball-reference.com/wnba/teams/LVA/2023/gamelog/, line 201: unreachable code after return statement
JavaScript warning: https://www.basketball-reference.com/wnba/teams/LVA/2023/gamelog/, line 201: unreachable code after return statement
1694907968776	Marionette	WARN	Ignoring event 'pageshow' because document has an invalid readyState of 'interactive'.
JavaScript warning: https://pagead2.googlesyndication.com/bg/D38i8ocviMyns63bFlxz04547CGgVcdJsS8VZS_5djY.js line 2 > eval line 73 > eval line 1 > eval line 1 > eval, line 1: WEBGL_debug_renderer_info is deprecated in Firefox and will be removed. Please use RENDERER.
JavaScript error: https://cdn-ima.33across.com/ima.js, line 2: Error: _33AcrossIdMappingsProvider: Ajax: Status code 0
JavaScript warning: https://www.basketball-reference.com/wnba/teams/LAS/2023/gamelog/, line 201: unreachable code after return statement
JavaScript warning: https://www.basketball-reference.com/wnba/teams/LAS/2023/gamelog/, line 201: unreachable code after return statement
1694907972111	Marionette	WARN	Ignoring event 'pageshow' because document has an invalid readyState of 'interactive'.
JavaScript error: , line 0: uncaught exception: Object
JavaScript warning: https://pagead2.googlesyndication.com/bg/D38i8ocviMyns63bFlxz04547CGgVcdJsS8VZS_5djY.js line 2 > eval line 938 > eval line 1 > eval line 1 > eval, line 1: WEBGL_debug_renderer_info is deprecated in Firefox and will be removed. Please use RENDERER.
JavaScript error: , line 0: uncaught exception: Object
JavaScript warning: https://www.basketball-reference.com/wnba/teams/SEA/2023/gamelog/, line 201: unreachable code after return statement
JavaScript warning: https://www.basketball-reference.com/wnba/teams/SEA/2023/gamelog/, line 201: unreachable code after return statement
1694907975933	Marionette	WARN	Ignoring event 'pageshow' because document has an invalid readyState of 'interactive'.
JavaScript error: https://cdn-ima.33across.com/ima.js, line 2: Error: _33AcrossIdMappingsProvider: Ajax: Status code 0
JavaScript error: , line 0: uncaught exception: Object
JavaScript warning: https://pagead2.googlesyndication.com/bg/D38i8ocviMyns63bFlxz04547CGgVcdJsS8VZS_5djY.js line 2 > eval line 2613 > eval line 1 > eval line 1 > eval, line 1: WEBGL_debug_renderer_info is deprecated in Firefox and will be removed. Please use RENDERER.
JavaScript warning: https://www.basketball-reference.com/wnba/teams/NYL/2023/gamelog/, line 201: unreachable code after return statement
JavaScript warning: https://www.basketball-reference.com/wnba/teams/NYL/2023/gamelog/, line 201: unreachable code after return statement
1694907979389	Marionette	WARN	Ignoring event 'pageshow' because document has an invalid readyState of 'interactive'.
JavaScript warning: https://pagead2.googlesyndication.com/bg/D38i8ocviMyns63bFlxz04547CGgVcdJsS8VZS_5djY.js line 2 > eval line 5094 > eval line 1 > eval line 1 > eval, line 1: WEBGL_debug_renderer_info is deprecated in Firefox and will be removed. Please use RENDERER.
JavaScript error: , line 0: uncaught exception: Object
1694907984170	Marionette	WARN	Ignoring event 'DOMContentLoaded' because document has an invalid readyState of 'loading'.
JavaScript warning: https://www.basketball-reference.com/wnba/teams/IND/2023/gamelog/, line 201: unreachable code after return statement
JavaScript warning: https://www.basketball-reference.com/wnba/teams/IND/2023/gamelog/, line 201: unreachable code after return statement
JavaScript error: , line 0: TypeError: NetworkError when attempting to fetch resource.
1694907985037	Marionette	WARN	Ignoring event 'pageshow' because document has an invalid readyState of 'interactive'.
JavaScript error: , line 0: uncaught exception: Object
JavaScript warning: https://pagead2.googlesyndication.com/bg/D38i8ocviMyns63bFlxz04547CGgVcdJsS8VZS_5djY.js line 2 > eval line 4117 > eval line 1 > eval line 1 > eval, line 1: WEBGL_debug_renderer_info is deprecated in Firefox and will be removed. Please use RENDERER.
JavaScript warning: https://pagead2.googlesyndication.com/bg/D38i8ocviMyns63bFlxz04547CGgVcdJsS8VZS_5djY.js line 2 > eval line 6678 > eval line 1 > eval line 1 > eval, line 1: WEBGL_debug_renderer_info is deprecated in Firefox and will be removed. Please use RENDERER.
[Child 15155, MediaDecoderStateMachine #1] WARNING: 12eae2e00 Could not set cubeb stream name.: file /builds/worker/checkouts/gecko/dom/media/AudioStream.cpp:375
JavaScript warning: https://pagead2.googlesyndication.com/bg/D38i8ocviMyns63bFlxz04547CGgVcdJsS8VZS_5djY.js line 2 > eval line 5261 > eval line 1 > eval line 1 > eval, line 1: WEBGL_debug_renderer_info is deprecated in Firefox and will be removed. Please use RENDERER.
JavaScript warning: https://pagead2.googlesyndication.com/bg/b6KMqTAYqBIA24ZWjqYq8V8pGhE_E2wERo_hclhyfAY.js line 2 > eval line 2705 > eval line 1 > eval line 1 > eval, line 1: WEBGL_debug_renderer_info is deprecated in Firefox and will be removed. Please use RENDERER.
JavaScript warning: https://pagead2.googlesyndication.com/bg/D38i8ocviMyns63bFlxz04547CGgVcdJsS8VZS_5djY.js line 2 > eval line 6245 > eval line 1 > eval line 1 > eval, line 1: WEBGL_debug_renderer_info is deprecated in Firefox and will be removed. Please use RENDERER.
JavaScript warning: https://pagead2.googlesyndication.com/bg/D38i8ocviMyns63bFlxz04547CGgVcdJsS8VZS_5djY.js line 2 > eval line 5186 > eval line 1 > eval line 1 > eval, line 1: WEBGL_debug_renderer_info is deprecated in Firefox and will be removed. Please use RENDERER.
JavaScript warning: https://www.basketball-reference.com/wnba/teams/WAS/2023/gamelog/, line 201: unreachable code after return statement
JavaScript warning: https://www.basketball-reference.com/wnba/teams/WAS/2023/gamelog/, line 201: unreachable code after return statement
JavaScript error: , line 0: TypeError: NetworkError when attempting to fetch resource.
JavaScript error: , line 0: TypeError: NetworkError when attempting to fetch resource.
JavaScript error: , line 0: TypeError: NetworkError when attempting to fetch resource.
JavaScript error: , line 0: TypeError: NetworkError when attempting to fetch resource.
1694907994322	Marionette	WARN	Ignoring event 'pageshow' because document has an invalid readyState of 'interactive'.
JavaScript warning: https://pagead2.googlesyndication.com/bg/D38i8ocviMyns63bFlxz04547CGgVcdJsS8VZS_5djY.js line 2 > eval line 2970 > eval line 1 > eval line 1 > eval, line 1: WEBGL_debug_renderer_info is deprecated in Firefox and will be removed. Please use RENDERER.
JavaScript warning: https://www.basketball-reference.com/wnba/teams/PHO/2023/gamelog/, line 201: unreachable code after return statement
JavaScript warning: https://www.basketball-reference.com/wnba/teams/PHO/2023/gamelog/, line 201: unreachable code after return statement
IPDL protocol error: Handler returned error code!

###!!! [Parent][DispatchAsyncMessage] Error: PMessagePort::Msg_PostMessages Processing error: message was deserialized, but the handler returned false (indicating failure)


###!!! [Child][PContentChild] Error: RunMessage(msgname=PHttpChannel::Msg_DeleteSelf) Channel closing: too late to send/recv, messages will be lost

1694907997031	Marionette	WARN	Ignoring event 'pageshow' because document has an invalid readyState of 'interactive'.
JavaScript error: , line 0: uncaught exception: Object
JavaScript warning: https://pagead2.googlesyndication.com/bg/D38i8ocviMyns63bFlxz04547CGgVcdJsS8VZS_5djY.js line 2 > eval line 420 > eval line 1 > eval line 1 > eval, line 1: WEBGL_debug_renderer_info is deprecated in Firefox and will be removed. Please use RENDERER.
1694907998900	Marionette	INFO	Stopped listening on port 52050

###!!! [Child][PContentChild] Error: RunMessage(msgname=PContent::Reply_DiscardBrowsingContext) Channel closing: too late to send/recv, messages will be lost

JavaScript error: resource://gre/modules/CrashManager.jsm, line 895: AbortError: IOUtils: Shutting down and refusing additional I/O tasks

###!!! [Parent][PImageBridgeParent] Error: RunMessage(msgname=PImageBridge::Msg_WillClose) Channel closing: too late to send/recv, messages will be lost

